[debug] [2025-04-02T04:08:21.309Z] ----------------------------------------------------------------------
[debug] [2025-04-02T04:08:21.313Z] Command:       C:\Program Files\nodejs\node.exe C:\Users\admin\AppData\Roaming\npm\node_modules\firebase-tools\lib\bin\firebase.js init
[debug] [2025-04-02T04:08:21.313Z] CLI Version:   14.0.1
[debug] [2025-04-02T04:08:21.313Z] Platform:      win32
[debug] [2025-04-02T04:08:21.313Z] Node Version:  v22.14.0
[debug] [2025-04-02T04:08:21.314Z] Time:          Wed Apr 02 2025 07:08:21 GMT+0300 (East Africa Time)
[debug] [2025-04-02T04:08:21.314Z] ----------------------------------------------------------------------
[debug] 
[debug] [2025-04-02T04:08:21.322Z] > command requires scopes: ["email","openid","https://www.googleapis.com/auth/cloudplatformprojects.readonly","https://www.googleapis.com/auth/firebase","https://www.googleapis.com/auth/cloud-platform"]
[debug] [2025-04-02T04:08:21.323Z] > authorizing via signed-in user (techwaveofficestudio@gmail.com)
[info] 
     ######## #### ########  ######## ########     ###     ######  ########
     ##        ##  ##     ## ##       ##     ##  ##   ##  ##       ##
     ######    ##  ########  ######   ########  #########  ######  ######
     ##        ##  ##    ##  ##       ##     ## ##     ##       ## ##
     ##       #### ##     ## ######## ########  ##     ##  ######  ########

You're about to initialize a Firebase project in this directory:

  C:\ciphercode\new\tmt-clnt

Before we get started, keep in mind:

  * You are currently outside your home directory

